Performing C SOURCE FILE Test HAVE_GCC_PREFERRED_STACK_BOUNDARY failed with the following output:
Change Dir: /home/george/Documents/Crimson/CMakeFiles/CMakeTmp

Run Build Command(s):/usr/bin/make cmTC_1d756/fast && /usr/bin/make -f CMakeFiles/cmTC_1d756.dir/build.make CMakeFiles/cmTC_1d756.dir/build
make[1]: Entering directory '/home/george/Documents/Crimson/CMakeFiles/CMakeTmp'
Building C object CMakeFiles/cmTC_1d756.dir/src.c.o
/usr/bin/cc   -g -O3 -idirafter /home/george/Documents/Crimson/Extern/SDL/src/video/khronos -DHAVE_GCC_PREFERRED_STACK_BOUNDARY -mpreferred-stack-boundary=2   -o CMakeFiles/cmTC_1d756.dir/src.c.o   -c /home/george/Documents/Crimson/CMakeFiles/CMakeTmp/src.c
cc1: error: ‘-mpreferred-stack-boundary=2’ is not between 3 and 12
make[1]: *** [CMakeFiles/cmTC_1d756.dir/build.make:66: CMakeFiles/cmTC_1d756.dir/src.c.o] Error 1
make[1]: Leaving directory '/home/george/Documents/Crimson/CMakeFiles/CMakeTmp'
make: *** [Makefile:121: cmTC_1d756/fast] Error 2


Source file was:
int x = 0; int main(int argc, char **argv) {}
Performing C SOURCE FILE Test HAVE_ALTIVEC_H_HDR failed with the following output:
Change Dir: /home/george/Documents/Crimson/CMakeFiles/CMakeTmp

Run Build Command(s):/usr/bin/make cmTC_6d55c/fast && /usr/bin/make -f CMakeFiles/cmTC_6d55c.dir/build.make CMakeFiles/cmTC_6d55c.dir/build
make[1]: Entering directory '/home/george/Documents/Crimson/CMakeFiles/CMakeTmp'
Building C object CMakeFiles/cmTC_6d55c.dir/src.c.o
/usr/bin/cc   -g -O3 -idirafter /home/george/Documents/Crimson/Extern/SDL/src/video/khronos -DHAVE_ALTIVEC_H_HDR -maltivec   -o CMakeFiles/cmTC_6d55c.dir/src.c.o   -c /home/george/Documents/Crimson/CMakeFiles/CMakeTmp/src.c
cc: error: unrecognized command line option ‘-maltivec’
make[1]: *** [CMakeFiles/cmTC_6d55c.dir/build.make:66: CMakeFiles/cmTC_6d55c.dir/src.c.o] Error 1
make[1]: Leaving directory '/home/george/Documents/Crimson/CMakeFiles/CMakeTmp'
make: *** [Makefile:121: cmTC_6d55c/fast] Error 2


Source file was:

          #include <altivec.h>
          vector unsigned int vzero() {
              return vec_splat_u32(0);
          }
          int main(int argc, char **argv) { }
Performing C SOURCE FILE Test HAVE_ALTIVEC failed with the following output:
Change Dir: /home/george/Documents/Crimson/CMakeFiles/CMakeTmp

Run Build Command(s):/usr/bin/make cmTC_44499/fast && /usr/bin/make -f CMakeFiles/cmTC_44499.dir/build.make CMakeFiles/cmTC_44499.dir/build
make[1]: Entering directory '/home/george/Documents/Crimson/CMakeFiles/CMakeTmp'
Building C object CMakeFiles/cmTC_44499.dir/src.c.o
/usr/bin/cc   -g -O3 -idirafter /home/george/Documents/Crimson/Extern/SDL/src/video/khronos -DHAVE_ALTIVEC -maltivec   -o CMakeFiles/cmTC_44499.dir/src.c.o   -c /home/george/Documents/Crimson/CMakeFiles/CMakeTmp/src.c
cc: error: unrecognized command line option ‘-maltivec’
make[1]: *** [CMakeFiles/cmTC_44499.dir/build.make:66: CMakeFiles/cmTC_44499.dir/src.c.o] Error 1
make[1]: Leaving directory '/home/george/Documents/Crimson/CMakeFiles/CMakeTmp'
make: *** [Makefile:121: cmTC_44499/fast] Error 2


Source file was:

          vector unsigned int vzero() {
              return vec_splat_u32(0);
          }
          int main(int argc, char **argv) { }
Determining if the include file libunwind.h exists failed with the following output:
Change Dir: /home/george/Documents/Crimson/CMakeFiles/CMakeTmp

Run Build Command(s):/usr/bin/make cmTC_9f8b7/fast && /usr/bin/make -f CMakeFiles/cmTC_9f8b7.dir/build.make CMakeFiles/cmTC_9f8b7.dir/build
make[1]: Entering directory '/home/george/Documents/Crimson/CMakeFiles/CMakeTmp'
Building C object CMakeFiles/cmTC_9f8b7.dir/CheckIncludeFile.c.o
/usr/bin/cc   -g -O3 -idirafter /home/george/Documents/Crimson/Extern/SDL/src/video/khronos    -o CMakeFiles/cmTC_9f8b7.dir/CheckIncludeFile.c.o   -c /home/george/Documents/Crimson/CMakeFiles/CMakeTmp/CheckIncludeFile.c
/home/george/Documents/Crimson/CMakeFiles/CMakeTmp/CheckIncludeFile.c:1:10: fatal error: libunwind.h: No such file or directory
    1 | #include <libunwind.h>
      |          ^~~~~~~~~~~~~
compilation terminated.
make[1]: *** [CMakeFiles/cmTC_9f8b7.dir/build.make:66: CMakeFiles/cmTC_9f8b7.dir/CheckIncludeFile.c.o] Error 1
make[1]: Leaving directory '/home/george/Documents/Crimson/CMakeFiles/CMakeTmp'
make: *** [Makefile:121: cmTC_9f8b7/fast] Error 2



Determining if the strlcpy exist failed with the following output:
Change Dir: /home/george/Documents/Crimson/CMakeFiles/CMakeTmp

Run Build Command(s):/usr/bin/make cmTC_e3970/fast && /usr/bin/make -f CMakeFiles/cmTC_e3970.dir/build.make CMakeFiles/cmTC_e3970.dir/build
make[1]: Entering directory '/home/george/Documents/Crimson/CMakeFiles/CMakeTmp'
Building C object CMakeFiles/cmTC_e3970.dir/CheckSymbolExists.c.o
/usr/bin/cc   -g -O3 -idirafter /home/george/Documents/Crimson/Extern/SDL/src/video/khronos    -o CMakeFiles/cmTC_e3970.dir/CheckSymbolExists.c.o   -c /home/george/Documents/Crimson/CMakeFiles/CMakeTmp/CheckSymbolExists.c
/home/george/Documents/Crimson/CMakeFiles/CMakeTmp/CheckSymbolExists.c: In function ‘main’:
/home/george/Documents/Crimson/CMakeFiles/CMakeTmp/CheckSymbolExists.c:17:19: error: ‘strlcpy’ undeclared (first use in this function); did you mean ‘strncpy’?
   17 |   return ((int*)(&strlcpy))[argc];
      |                   ^~~~~~~
      |                   strncpy
/home/george/Documents/Crimson/CMakeFiles/CMakeTmp/CheckSymbolExists.c:17:19: note: each undeclared identifier is reported only once for each function it appears in
make[1]: *** [CMakeFiles/cmTC_e3970.dir/build.make:66: CMakeFiles/cmTC_e3970.dir/CheckSymbolExists.c.o] Error 1
make[1]: Leaving directory '/home/george/Documents/Crimson/CMakeFiles/CMakeTmp'
make: *** [Makefile:121: cmTC_e3970/fast] Error 2


File /home/george/Documents/Crimson/CMakeFiles/CMakeTmp/CheckSymbolExists.c:
/* */
#include <dlfcn.h>
#include <stdint.h>
#include <stddef.h>
#include <inttypes.h>
#include <stdlib.h>
#include <stdio.h>
#include <strings.h>
#include <wchar.h>
#include <string.h>
#include <float.h>

int main(int argc, char** argv)
{
  (void)argv;
#ifndef strlcpy
  return ((int*)(&strlcpy))[argc];
#else
  (void)argc;
  return 0;
#endif
}
Determining if the strlcat exist failed with the following output:
Change Dir: /home/george/Documents/Crimson/CMakeFiles/CMakeTmp

Run Build Command(s):/usr/bin/make cmTC_f21a8/fast && /usr/bin/make -f CMakeFiles/cmTC_f21a8.dir/build.make CMakeFiles/cmTC_f21a8.dir/build
make[1]: Entering directory '/home/george/Documents/Crimson/CMakeFiles/CMakeTmp'
Building C object CMakeFiles/cmTC_f21a8.dir/CheckSymbolExists.c.o
/usr/bin/cc   -g -O3 -idirafter /home/george/Documents/Crimson/Extern/SDL/src/video/khronos    -o CMakeFiles/cmTC_f21a8.dir/CheckSymbolExists.c.o   -c /home/george/Documents/Crimson/CMakeFiles/CMakeTmp/CheckSymbolExists.c
/home/george/Documents/Crimson/CMakeFiles/CMakeTmp/CheckSymbolExists.c: In function ‘main’:
/home/george/Documents/Crimson/CMakeFiles/CMakeTmp/CheckSymbolExists.c:17:19: error: ‘strlcat’ undeclared (first use in this function); did you mean ‘strncat’?
   17 |   return ((int*)(&strlcat))[argc];
      |                   ^~~~~~~
      |                   strncat
/home/george/Documents/Crimson/CMakeFiles/CMakeTmp/CheckSymbolExists.c:17:19: note: each undeclared identifier is reported only once for each function it appears in
make[1]: *** [CMakeFiles/cmTC_f21a8.dir/build.make:66: CMakeFiles/cmTC_f21a8.dir/CheckSymbolExists.c.o] Error 1
make[1]: Leaving directory '/home/george/Documents/Crimson/CMakeFiles/CMakeTmp'
make: *** [Makefile:121: cmTC_f21a8/fast] Error 2


File /home/george/Documents/Crimson/CMakeFiles/CMakeTmp/CheckSymbolExists.c:
/* */
#include <dlfcn.h>
#include <stdint.h>
#include <stddef.h>
#include <inttypes.h>
#include <stdlib.h>
#include <stdio.h>
#include <strings.h>
#include <wchar.h>
#include <string.h>
#include <float.h>

int main(int argc, char** argv)
{
  (void)argv;
#ifndef strlcat
  return ((int*)(&strlcat))[argc];
#else
  (void)argc;
  return 0;
#endif
}
Determining if the _strrev exist failed with the following output:
Change Dir: /home/george/Documents/Crimson/CMakeFiles/CMakeTmp

Run Build Command(s):/usr/bin/make cmTC_78b53/fast && /usr/bin/make -f CMakeFiles/cmTC_78b53.dir/build.make CMakeFiles/cmTC_78b53.dir/build
make[1]: Entering directory '/home/george/Documents/Crimson/CMakeFiles/CMakeTmp'
Building C object CMakeFiles/cmTC_78b53.dir/CheckSymbolExists.c.o
/usr/bin/cc   -g -O3 -idirafter /home/george/Documents/Crimson/Extern/SDL/src/video/khronos    -o CMakeFiles/cmTC_78b53.dir/CheckSymbolExists.c.o   -c /home/george/Documents/Crimson/CMakeFiles/CMakeTmp/CheckSymbolExists.c
/home/george/Documents/Crimson/CMakeFiles/CMakeTmp/CheckSymbolExists.c: In function ‘main’:
/home/george/Documents/Crimson/CMakeFiles/CMakeTmp/CheckSymbolExists.c:17:19: error: ‘_strrev’ undeclared (first use in this function)
   17 |   return ((int*)(&_strrev))[argc];
      |                   ^~~~~~~
/home/george/Documents/Crimson/CMakeFiles/CMakeTmp/CheckSymbolExists.c:17:19: note: each undeclared identifier is reported only once for each function it appears in
make[1]: *** [CMakeFiles/cmTC_78b53.dir/build.make:66: CMakeFiles/cmTC_78b53.dir/CheckSymbolExists.c.o] Error 1
make[1]: Leaving directory '/home/george/Documents/Crimson/CMakeFiles/CMakeTmp'
make: *** [Makefile:121: cmTC_78b53/fast] Error 2


File /home/george/Documents/Crimson/CMakeFiles/CMakeTmp/CheckSymbolExists.c:
/* */
#include <dlfcn.h>
#include <stdint.h>
#include <stddef.h>
#include <inttypes.h>
#include <stdlib.h>
#include <stdio.h>
#include <strings.h>
#include <wchar.h>
#include <string.h>
#include <float.h>

int main(int argc, char** argv)
{
  (void)argv;
#ifndef _strrev
  return ((int*)(&_strrev))[argc];
#else
  (void)argc;
  return 0;
#endif
}
Determining if the _strupr exist failed with the following output:
Change Dir: /home/george/Documents/Crimson/CMakeFiles/CMakeTmp

Run Build Command(s):/usr/bin/make cmTC_cd8e8/fast && /usr/bin/make -f CMakeFiles/cmTC_cd8e8.dir/build.make CMakeFiles/cmTC_cd8e8.dir/build
make[1]: Entering directory '/home/george/Documents/Crimson/CMakeFiles/CMakeTmp'
Building C object CMakeFiles/cmTC_cd8e8.dir/CheckSymbolExists.c.o
/usr/bin/cc   -g -O3 -idirafter /home/george/Documents/Crimson/Extern/SDL/src/video/khronos    -o CMakeFiles/cmTC_cd8e8.dir/CheckSymbolExists.c.o   -c /home/george/Documents/Crimson/CMakeFiles/CMakeTmp/CheckSymbolExists.c
/home/george/Documents/Crimson/CMakeFiles/CMakeTmp/CheckSymbolExists.c: In function ‘main’:
/home/george/Documents/Crimson/CMakeFiles/CMakeTmp/CheckSymbolExists.c:17:19: error: ‘_strupr’ undeclared (first use in this function)
   17 |   return ((int*)(&_strupr))[argc];
      |                   ^~~~~~~
/home/george/Documents/Crimson/CMakeFiles/CMakeTmp/CheckSymbolExists.c:17:19: note: each undeclared identifier is reported only once for each function it appears in
make[1]: *** [CMakeFiles/cmTC_cd8e8.dir/build.make:66: CMakeFiles/cmTC_cd8e8.dir/CheckSymbolExists.c.o] Error 1
make[1]: Leaving directory '/home/george/Documents/Crimson/CMakeFiles/CMakeTmp'
make: *** [Makefile:121: cmTC_cd8e8/fast] Error 2


File /home/george/Documents/Crimson/CMakeFiles/CMakeTmp/CheckSymbolExists.c:
/* */
#include <dlfcn.h>
#include <stdint.h>
#include <stddef.h>
#include <inttypes.h>
#include <stdlib.h>
#include <stdio.h>
#include <strings.h>
#include <wchar.h>
#include <string.h>
#include <float.h>

int main(int argc, char** argv)
{
  (void)argv;
#ifndef _strupr
  return ((int*)(&_strupr))[argc];
#else
  (void)argc;
  return 0;
#endif
}
Determining if the _strlwr exist failed with the following output:
Change Dir: /home/george/Documents/Crimson/CMakeFiles/CMakeTmp

Run Build Command(s):/usr/bin/make cmTC_7a8c4/fast && /usr/bin/make -f CMakeFiles/cmTC_7a8c4.dir/build.make CMakeFiles/cmTC_7a8c4.dir/build
make[1]: Entering directory '/home/george/Documents/Crimson/CMakeFiles/CMakeTmp'
Building C object CMakeFiles/cmTC_7a8c4.dir/CheckSymbolExists.c.o
/usr/bin/cc   -g -O3 -idirafter /home/george/Documents/Crimson/Extern/SDL/src/video/khronos    -o CMakeFiles/cmTC_7a8c4.dir/CheckSymbolExists.c.o   -c /home/george/Documents/Crimson/CMakeFiles/CMakeTmp/CheckSymbolExists.c
/home/george/Documents/Crimson/CMakeFiles/CMakeTmp/CheckSymbolExists.c: In function ‘main’:
/home/george/Documents/Crimson/CMakeFiles/CMakeTmp/CheckSymbolExists.c:17:19: error: ‘_strlwr’ undeclared (first use in this function)
   17 |   return ((int*)(&_strlwr))[argc];
      |                   ^~~~~~~
/home/george/Documents/Crimson/CMakeFiles/CMakeTmp/CheckSymbolExists.c:17:19: note: each undeclared identifier is reported only once for each function it appears in
make[1]: *** [CMakeFiles/cmTC_7a8c4.dir/build.make:66: CMakeFiles/cmTC_7a8c4.dir/CheckSymbolExists.c.o] Error 1
make[1]: Leaving directory '/home/george/Documents/Crimson/CMakeFiles/CMakeTmp'
make: *** [Makefile:121: cmTC_7a8c4/fast] Error 2


File /home/george/Documents/Crimson/CMakeFiles/CMakeTmp/CheckSymbolExists.c:
/* */
#include <dlfcn.h>
#include <stdint.h>
#include <stddef.h>
#include <inttypes.h>
#include <stdlib.h>
#include <stdio.h>
#include <strings.h>
#include <wchar.h>
#include <string.h>
#include <float.h>

int main(int argc, char** argv)
{
  (void)argv;
#ifndef _strlwr
  return ((int*)(&_strlwr))[argc];
#else
  (void)argc;
  return 0;
#endif
}
Determining if the itoa exist failed with the following output:
Change Dir: /home/george/Documents/Crimson/CMakeFiles/CMakeTmp

Run Build Command(s):/usr/bin/make cmTC_74f3e/fast && /usr/bin/make -f CMakeFiles/cmTC_74f3e.dir/build.make CMakeFiles/cmTC_74f3e.dir/build
make[1]: Entering directory '/home/george/Documents/Crimson/CMakeFiles/CMakeTmp'
Building C object CMakeFiles/cmTC_74f3e.dir/CheckSymbolExists.c.o
/usr/bin/cc   -g -O3 -idirafter /home/george/Documents/Crimson/Extern/SDL/src/video/khronos    -o CMakeFiles/cmTC_74f3e.dir/CheckSymbolExists.c.o   -c /home/george/Documents/Crimson/CMakeFiles/CMakeTmp/CheckSymbolExists.c
/home/george/Documents/Crimson/CMakeFiles/CMakeTmp/CheckSymbolExists.c: In function ‘main’:
/home/george/Documents/Crimson/CMakeFiles/CMakeTmp/CheckSymbolExists.c:17:19: error: ‘itoa’ undeclared (first use in this function)
   17 |   return ((int*)(&itoa))[argc];
      |                   ^~~~
/home/george/Documents/Crimson/CMakeFiles/CMakeTmp/CheckSymbolExists.c:17:19: note: each undeclared identifier is reported only once for each function it appears in
make[1]: *** [CMakeFiles/cmTC_74f3e.dir/build.make:66: CMakeFiles/cmTC_74f3e.dir/CheckSymbolExists.c.o] Error 1
make[1]: Leaving directory '/home/george/Documents/Crimson/CMakeFiles/CMakeTmp'
make: *** [Makefile:121: cmTC_74f3e/fast] Error 2


File /home/george/Documents/Crimson/CMakeFiles/CMakeTmp/CheckSymbolExists.c:
/* */
#include <dlfcn.h>
#include <stdint.h>
#include <stddef.h>
#include <inttypes.h>
#include <stdlib.h>
#include <stdio.h>
#include <strings.h>
#include <wchar.h>
#include <string.h>
#include <float.h>

int main(int argc, char** argv)
{
  (void)argv;
#ifndef itoa
  return ((int*)(&itoa))[argc];
#else
  (void)argc;
  return 0;
#endif
}
Determining if the _ltoa exist failed with the following output:
Change Dir: /home/george/Documents/Crimson/CMakeFiles/CMakeTmp

Run Build Command(s):/usr/bin/make cmTC_fb154/fast && /usr/bin/make -f CMakeFiles/cmTC_fb154.dir/build.make CMakeFiles/cmTC_fb154.dir/build
make[1]: Entering directory '/home/george/Documents/Crimson/CMakeFiles/CMakeTmp'
Building C object CMakeFiles/cmTC_fb154.dir/CheckSymbolExists.c.o
/usr/bin/cc   -g -O3 -idirafter /home/george/Documents/Crimson/Extern/SDL/src/video/khronos    -o CMakeFiles/cmTC_fb154.dir/CheckSymbolExists.c.o   -c /home/george/Documents/Crimson/CMakeFiles/CMakeTmp/CheckSymbolExists.c
/home/george/Documents/Crimson/CMakeFiles/CMakeTmp/CheckSymbolExists.c: In function ‘main’:
/home/george/Documents/Crimson/CMakeFiles/CMakeTmp/CheckSymbolExists.c:17:19: error: ‘_ltoa’ undeclared (first use in this function)
   17 |   return ((int*)(&_ltoa))[argc];
      |                   ^~~~~
/home/george/Documents/Crimson/CMakeFiles/CMakeTmp/CheckSymbolExists.c:17:19: note: each undeclared identifier is reported only once for each function it appears in
make[1]: *** [CMakeFiles/cmTC_fb154.dir/build.make:66: CMakeFiles/cmTC_fb154.dir/CheckSymbolExists.c.o] Error 1
make[1]: Leaving directory '/home/george/Documents/Crimson/CMakeFiles/CMakeTmp'
make: *** [Makefile:121: cmTC_fb154/fast] Error 2


File /home/george/Documents/Crimson/CMakeFiles/CMakeTmp/CheckSymbolExists.c:
/* */
#include <dlfcn.h>
#include <stdint.h>
#include <stddef.h>
#include <inttypes.h>
#include <stdlib.h>
#include <stdio.h>
#include <strings.h>
#include <wchar.h>
#include <string.h>
#include <float.h>

int main(int argc, char** argv)
{
  (void)argv;
#ifndef _ltoa
  return ((int*)(&_ltoa))[argc];
#else
  (void)argc;
  return 0;
#endif
}
Determining if the _uitoa exist failed with the following output:
Change Dir: /home/george/Documents/Crimson/CMakeFiles/CMakeTmp

Run Build Command(s):/usr/bin/make cmTC_64a68/fast && /usr/bin/make -f CMakeFiles/cmTC_64a68.dir/build.make CMakeFiles/cmTC_64a68.dir/build
make[1]: Entering directory '/home/george/Documents/Crimson/CMakeFiles/CMakeTmp'
Building C object CMakeFiles/cmTC_64a68.dir/CheckSymbolExists.c.o
/usr/bin/cc   -g -O3 -idirafter /home/george/Documents/Crimson/Extern/SDL/src/video/khronos    -o CMakeFiles/cmTC_64a68.dir/CheckSymbolExists.c.o   -c /home/george/Documents/Crimson/CMakeFiles/CMakeTmp/CheckSymbolExists.c
/home/george/Documents/Crimson/CMakeFiles/CMakeTmp/CheckSymbolExists.c: In function ‘main’:
/home/george/Documents/Crimson/CMakeFiles/CMakeTmp/CheckSymbolExists.c:17:19: error: ‘_uitoa’ undeclared (first use in this function)
   17 |   return ((int*)(&_uitoa))[argc];
      |                   ^~~~~~
/home/george/Documents/Crimson/CMakeFiles/CMakeTmp/CheckSymbolExists.c:17:19: note: each undeclared identifier is reported only once for each function it appears in
make[1]: *** [CMakeFiles/cmTC_64a68.dir/build.make:66: CMakeFiles/cmTC_64a68.dir/CheckSymbolExists.c.o] Error 1
make[1]: Leaving directory '/home/george/Documents/Crimson/CMakeFiles/CMakeTmp'
make: *** [Makefile:121: cmTC_64a68/fast] Error 2


File /home/george/Documents/Crimson/CMakeFiles/CMakeTmp/CheckSymbolExists.c:
/* */
#include <dlfcn.h>
#include <stdint.h>
#include <stddef.h>
#include <inttypes.h>
#include <stdlib.h>
#include <stdio.h>
#include <strings.h>
#include <wchar.h>
#include <string.h>
#include <float.h>

int main(int argc, char** argv)
{
  (void)argv;
#ifndef _uitoa
  return ((int*)(&_uitoa))[argc];
#else
  (void)argc;
  return 0;
#endif
}
Determining if the _ultoa exist failed with the following output:
Change Dir: /home/george/Documents/Crimson/CMakeFiles/CMakeTmp

Run Build Command(s):/usr/bin/make cmTC_7c3f9/fast && /usr/bin/make -f CMakeFiles/cmTC_7c3f9.dir/build.make CMakeFiles/cmTC_7c3f9.dir/build
make[1]: Entering directory '/home/george/Documents/Crimson/CMakeFiles/CMakeTmp'
Building C object CMakeFiles/cmTC_7c3f9.dir/CheckSymbolExists.c.o
/usr/bin/cc   -g -O3 -idirafter /home/george/Documents/Crimson/Extern/SDL/src/video/khronos    -o CMakeFiles/cmTC_7c3f9.dir/CheckSymbolExists.c.o   -c /home/george/Documents/Crimson/CMakeFiles/CMakeTmp/CheckSymbolExists.c
/home/george/Documents/Crimson/CMakeFiles/CMakeTmp/CheckSymbolExists.c: In function ‘main’:
/home/george/Documents/Crimson/CMakeFiles/CMakeTmp/CheckSymbolExists.c:17:19: error: ‘_ultoa’ undeclared (first use in this function)
   17 |   return ((int*)(&_ultoa))[argc];
      |                   ^~~~~~
/home/george/Documents/Crimson/CMakeFiles/CMakeTmp/CheckSymbolExists.c:17:19: note: each undeclared identifier is reported only once for each function it appears in
make[1]: *** [CMakeFiles/cmTC_7c3f9.dir/build.make:66: CMakeFiles/cmTC_7c3f9.dir/CheckSymbolExists.c.o] Error 1
make[1]: Leaving directory '/home/george/Documents/Crimson/CMakeFiles/CMakeTmp'
make: *** [Makefile:121: cmTC_7c3f9/fast] Error 2


File /home/george/Documents/Crimson/CMakeFiles/CMakeTmp/CheckSymbolExists.c:
/* */
#include <dlfcn.h>
#include <stdint.h>
#include <stddef.h>
#include <inttypes.h>
#include <stdlib.h>
#include <stdio.h>
#include <strings.h>
#include <wchar.h>
#include <string.h>
#include <float.h>

int main(int argc, char** argv)
{
  (void)argv;
#ifndef _ultoa
  return ((int*)(&_ultoa))[argc];
#else
  (void)argc;
  return 0;
#endif
}
Determining if the _i64toa exist failed with the following output:
Change Dir: /home/george/Documents/Crimson/CMakeFiles/CMakeTmp

Run Build Command(s):/usr/bin/make cmTC_50a9c/fast && /usr/bin/make -f CMakeFiles/cmTC_50a9c.dir/build.make CMakeFiles/cmTC_50a9c.dir/build
make[1]: Entering directory '/home/george/Documents/Crimson/CMakeFiles/CMakeTmp'
Building C object CMakeFiles/cmTC_50a9c.dir/CheckSymbolExists.c.o
/usr/bin/cc   -g -O3 -idirafter /home/george/Documents/Crimson/Extern/SDL/src/video/khronos    -o CMakeFiles/cmTC_50a9c.dir/CheckSymbolExists.c.o   -c /home/george/Documents/Crimson/CMakeFiles/CMakeTmp/CheckSymbolExists.c
/home/george/Documents/Crimson/CMakeFiles/CMakeTmp/CheckSymbolExists.c: In function ‘main’:
/home/george/Documents/Crimson/CMakeFiles/CMakeTmp/CheckSymbolExists.c:17:19: error: ‘_i64toa’ undeclared (first use in this function)
   17 |   return ((int*)(&_i64toa))[argc];
      |                   ^~~~~~~
/home/george/Documents/Crimson/CMakeFiles/CMakeTmp/CheckSymbolExists.c:17:19: note: each undeclared identifier is reported only once for each function it appears in
make[1]: *** [CMakeFiles/cmTC_50a9c.dir/build.make:66: CMakeFiles/cmTC_50a9c.dir/CheckSymbolExists.c.o] Error 1
make[1]: Leaving directory '/home/george/Documents/Crimson/CMakeFiles/CMakeTmp'
make: *** [Makefile:121: cmTC_50a9c/fast] Error 2


File /home/george/Documents/Crimson/CMakeFiles/CMakeTmp/CheckSymbolExists.c:
/* */
#include <dlfcn.h>
#include <stdint.h>
#include <stddef.h>
#include <inttypes.h>
#include <stdlib.h>
#include <stdio.h>
#include <strings.h>
#include <wchar.h>
#include <string.h>
#include <float.h>

int main(int argc, char** argv)
{
  (void)argv;
#ifndef _i64toa
  return ((int*)(&_i64toa))[argc];
#else
  (void)argc;
  return 0;
#endif
}
Determining if the _ui64toa exist failed with the following output:
Change Dir: /home/george/Documents/Crimson/CMakeFiles/CMakeTmp

Run Build Command(s):/usr/bin/make cmTC_4bf3a/fast && /usr/bin/make -f CMakeFiles/cmTC_4bf3a.dir/build.make CMakeFiles/cmTC_4bf3a.dir/build
make[1]: Entering directory '/home/george/Documents/Crimson/CMakeFiles/CMakeTmp'
Building C object CMakeFiles/cmTC_4bf3a.dir/CheckSymbolExists.c.o
/usr/bin/cc   -g -O3 -idirafter /home/george/Documents/Crimson/Extern/SDL/src/video/khronos    -o CMakeFiles/cmTC_4bf3a.dir/CheckSymbolExists.c.o   -c /home/george/Documents/Crimson/CMakeFiles/CMakeTmp/CheckSymbolExists.c
/home/george/Documents/Crimson/CMakeFiles/CMakeTmp/CheckSymbolExists.c: In function ‘main’:
/home/george/Documents/Crimson/CMakeFiles/CMakeTmp/CheckSymbolExists.c:17:19: error: ‘_ui64toa’ undeclared (first use in this function)
   17 |   return ((int*)(&_ui64toa))[argc];
      |                   ^~~~~~~~
/home/george/Documents/Crimson/CMakeFiles/CMakeTmp/CheckSymbolExists.c:17:19: note: each undeclared identifier is reported only once for each function it appears in
make[1]: *** [CMakeFiles/cmTC_4bf3a.dir/build.make:66: CMakeFiles/cmTC_4bf3a.dir/CheckSymbolExists.c.o] Error 1
make[1]: Leaving directory '/home/george/Documents/Crimson/CMakeFiles/CMakeTmp'
make: *** [Makefile:121: cmTC_4bf3a/fast] Error 2


File /home/george/Documents/Crimson/CMakeFiles/CMakeTmp/CheckSymbolExists.c:
/* */
#include <dlfcn.h>
#include <stdint.h>
#include <stddef.h>
#include <inttypes.h>
#include <stdlib.h>
#include <stdio.h>
#include <strings.h>
#include <wchar.h>
#include <string.h>
#include <float.h>

int main(int argc, char** argv)
{
  (void)argv;
#ifndef _ui64toa
  return ((int*)(&_ui64toa))[argc];
#else
  (void)argc;
  return 0;
#endif
}
Determining if the _stricmp exist failed with the following output:
Change Dir: /home/george/Documents/Crimson/CMakeFiles/CMakeTmp

Run Build Command(s):/usr/bin/make cmTC_9c9e7/fast && /usr/bin/make -f CMakeFiles/cmTC_9c9e7.dir/build.make CMakeFiles/cmTC_9c9e7.dir/build
make[1]: Entering directory '/home/george/Documents/Crimson/CMakeFiles/CMakeTmp'
Building C object CMakeFiles/cmTC_9c9e7.dir/CheckSymbolExists.c.o
/usr/bin/cc   -g -O3 -idirafter /home/george/Documents/Crimson/Extern/SDL/src/video/khronos    -o CMakeFiles/cmTC_9c9e7.dir/CheckSymbolExists.c.o   -c /home/george/Documents/Crimson/CMakeFiles/CMakeTmp/CheckSymbolExists.c
/home/george/Documents/Crimson/CMakeFiles/CMakeTmp/CheckSymbolExists.c: In function ‘main’:
/home/george/Documents/Crimson/CMakeFiles/CMakeTmp/CheckSymbolExists.c:17:19: error: ‘_stricmp’ undeclared (first use in this function); did you mean ‘strncmp’?
   17 |   return ((int*)(&_stricmp))[argc];
      |                   ^~~~~~~~
      |                   strncmp
/home/george/Documents/Crimson/CMakeFiles/CMakeTmp/CheckSymbolExists.c:17:19: note: each undeclared identifier is reported only once for each function it appears in
make[1]: *** [CMakeFiles/cmTC_9c9e7.dir/build.make:66: CMakeFiles/cmTC_9c9e7.dir/CheckSymbolExists.c.o] Error 1
make[1]: Leaving directory '/home/george/Documents/Crimson/CMakeFiles/CMakeTmp'
make: *** [Makefile:121: cmTC_9c9e7/fast] Error 2


File /home/george/Documents/Crimson/CMakeFiles/CMakeTmp/CheckSymbolExists.c:
/* */
#include <dlfcn.h>
#include <stdint.h>
#include <stddef.h>
#include <inttypes.h>
#include <stdlib.h>
#include <stdio.h>
#include <strings.h>
#include <wchar.h>
#include <string.h>
#include <float.h>

int main(int argc, char** argv)
{
  (void)argv;
#ifndef _stricmp
  return ((int*)(&_stricmp))[argc];
#else
  (void)argc;
  return 0;
#endif
}
Determining if the _strnicmp exist failed with the following output:
Change Dir: /home/george/Documents/Crimson/CMakeFiles/CMakeTmp

Run Build Command(s):/usr/bin/make cmTC_dc0bd/fast && /usr/bin/make -f CMakeFiles/cmTC_dc0bd.dir/build.make CMakeFiles/cmTC_dc0bd.dir/build
make[1]: Entering directory '/home/george/Documents/Crimson/CMakeFiles/CMakeTmp'
Building C object CMakeFiles/cmTC_dc0bd.dir/CheckSymbolExists.c.o
/usr/bin/cc   -g -O3 -idirafter /home/george/Documents/Crimson/Extern/SDL/src/video/khronos    -o CMakeFiles/cmTC_dc0bd.dir/CheckSymbolExists.c.o   -c /home/george/Documents/Crimson/CMakeFiles/CMakeTmp/CheckSymbolExists.c
/home/george/Documents/Crimson/CMakeFiles/CMakeTmp/CheckSymbolExists.c: In function ‘main’:
/home/george/Documents/Crimson/CMakeFiles/CMakeTmp/CheckSymbolExists.c:17:19: error: ‘_strnicmp’ undeclared (first use in this function); did you mean ‘strncmp’?
   17 |   return ((int*)(&_strnicmp))[argc];
      |                   ^~~~~~~~~
      |                   strncmp
/home/george/Documents/Crimson/CMakeFiles/CMakeTmp/CheckSymbolExists.c:17:19: note: each undeclared identifier is reported only once for each function it appears in
make[1]: *** [CMakeFiles/cmTC_dc0bd.dir/build.make:66: CMakeFiles/cmTC_dc0bd.dir/CheckSymbolExists.c.o] Error 1
make[1]: Leaving directory '/home/george/Documents/Crimson/CMakeFiles/CMakeTmp'
make: *** [Makefile:121: cmTC_dc0bd/fast] Error 2


File /home/george/Documents/Crimson/CMakeFiles/CMakeTmp/CheckSymbolExists.c:
/* */
#include <dlfcn.h>
#include <stdint.h>
#include <stddef.h>
#include <inttypes.h>
#include <stdlib.h>
#include <stdio.h>
#include <strings.h>
#include <wchar.h>
#include <string.h>
#include <float.h>

int main(int argc, char** argv)
{
  (void)argv;
#ifndef _strnicmp
  return ((int*)(&_strnicmp))[argc];
#else
  (void)argc;
  return 0;
#endif
}
Determining if the wcslcat exist failed with the following output:
Change Dir: /home/george/Documents/Crimson/CMakeFiles/CMakeTmp

Run Build Command(s):/usr/bin/make cmTC_9b7dc/fast && /usr/bin/make -f CMakeFiles/cmTC_9b7dc.dir/build.make CMakeFiles/cmTC_9b7dc.dir/build
make[1]: Entering directory '/home/george/Documents/Crimson/CMakeFiles/CMakeTmp'
Building C object CMakeFiles/cmTC_9b7dc.dir/CheckSymbolExists.c.o
/usr/bin/cc   -g -O3 -idirafter /home/george/Documents/Crimson/Extern/SDL/src/video/khronos    -o CMakeFiles/cmTC_9b7dc.dir/CheckSymbolExists.c.o   -c /home/george/Documents/Crimson/CMakeFiles/CMakeTmp/CheckSymbolExists.c
/home/george/Documents/Crimson/CMakeFiles/CMakeTmp/CheckSymbolExists.c: In function ‘main’:
/home/george/Documents/Crimson/CMakeFiles/CMakeTmp/CheckSymbolExists.c:17:19: error: ‘wcslcat’ undeclared (first use in this function); did you mean ‘wcsncat’?
   17 |   return ((int*)(&wcslcat))[argc];
      |                   ^~~~~~~
      |                   wcsncat
/home/george/Documents/Crimson/CMakeFiles/CMakeTmp/CheckSymbolExists.c:17:19: note: each undeclared identifier is reported only once for each function it appears in
make[1]: *** [CMakeFiles/cmTC_9b7dc.dir/build.make:66: CMakeFiles/cmTC_9b7dc.dir/CheckSymbolExists.c.o] Error 1
make[1]: Leaving directory '/home/george/Documents/Crimson/CMakeFiles/CMakeTmp'
make: *** [Makefile:121: cmTC_9b7dc/fast] Error 2


File /home/george/Documents/Crimson/CMakeFiles/CMakeTmp/CheckSymbolExists.c:
/* */
#include <dlfcn.h>
#include <stdint.h>
#include <stddef.h>
#include <inttypes.h>
#include <stdlib.h>
#include <stdio.h>
#include <strings.h>
#include <wchar.h>
#include <string.h>
#include <float.h>

int main(int argc, char** argv)
{
  (void)argv;
#ifndef wcslcat
  return ((int*)(&wcslcat))[argc];
#else
  (void)argc;
  return 0;
#endif
}
Determining if the wcslcpy exist failed with the following output:
Change Dir: /home/george/Documents/Crimson/CMakeFiles/CMakeTmp

Run Build Command(s):/usr/bin/make cmTC_39608/fast && /usr/bin/make -f CMakeFiles/cmTC_39608.dir/build.make CMakeFiles/cmTC_39608.dir/build
make[1]: Entering directory '/home/george/Documents/Crimson/CMakeFiles/CMakeTmp'
Building C object CMakeFiles/cmTC_39608.dir/CheckSymbolExists.c.o
/usr/bin/cc   -g -O3 -idirafter /home/george/Documents/Crimson/Extern/SDL/src/video/khronos    -o CMakeFiles/cmTC_39608.dir/CheckSymbolExists.c.o   -c /home/george/Documents/Crimson/CMakeFiles/CMakeTmp/CheckSymbolExists.c
/home/george/Documents/Crimson/CMakeFiles/CMakeTmp/CheckSymbolExists.c: In function ‘main’:
/home/george/Documents/Crimson/CMakeFiles/CMakeTmp/CheckSymbolExists.c:17:19: error: ‘wcslcpy’ undeclared (first use in this function); did you mean ‘wcsncpy’?
   17 |   return ((int*)(&wcslcpy))[argc];
      |                   ^~~~~~~
      |                   wcsncpy
/home/george/Documents/Crimson/CMakeFiles/CMakeTmp/CheckSymbolExists.c:17:19: note: each undeclared identifier is reported only once for each function it appears in
make[1]: *** [CMakeFiles/cmTC_39608.dir/build.make:66: CMakeFiles/cmTC_39608.dir/CheckSymbolExists.c.o] Error 1
make[1]: Leaving directory '/home/george/Documents/Crimson/CMakeFiles/CMakeTmp'
make: *** [Makefile:121: cmTC_39608/fast] Error 2


File /home/george/Documents/Crimson/CMakeFiles/CMakeTmp/CheckSymbolExists.c:
/* */
#include <dlfcn.h>
#include <stdint.h>
#include <stddef.h>
#include <inttypes.h>
#include <stdlib.h>
#include <stdio.h>
#include <strings.h>
#include <wchar.h>
#include <string.h>
#include <float.h>

int main(int argc, char** argv)
{
  (void)argv;
#ifndef wcslcpy
  return ((int*)(&wcslcpy))[argc];
#else
  (void)argc;
  return 0;
#endif
}
Determining if the fopen64 exist failed with the following output:
Change Dir: /home/george/Documents/Crimson/CMakeFiles/CMakeTmp

Run Build Command(s):/usr/bin/make cmTC_ead28/fast && /usr/bin/make -f CMakeFiles/cmTC_ead28.dir/build.make CMakeFiles/cmTC_ead28.dir/build
make[1]: Entering directory '/home/george/Documents/Crimson/CMakeFiles/CMakeTmp'
Building C object CMakeFiles/cmTC_ead28.dir/CheckSymbolExists.c.o
/usr/bin/cc   -g -O3 -idirafter /home/george/Documents/Crimson/Extern/SDL/src/video/khronos    -o CMakeFiles/cmTC_ead28.dir/CheckSymbolExists.c.o   -c /home/george/Documents/Crimson/CMakeFiles/CMakeTmp/CheckSymbolExists.c
/home/george/Documents/Crimson/CMakeFiles/CMakeTmp/CheckSymbolExists.c: In function ‘main’:
/home/george/Documents/Crimson/CMakeFiles/CMakeTmp/CheckSymbolExists.c:17:19: error: ‘fopen64’ undeclared (first use in this function); did you mean ‘fopen’?
   17 |   return ((int*)(&fopen64))[argc];
      |                   ^~~~~~~
      |                   fopen
/home/george/Documents/Crimson/CMakeFiles/CMakeTmp/CheckSymbolExists.c:17:19: note: each undeclared identifier is reported only once for each function it appears in
make[1]: *** [CMakeFiles/cmTC_ead28.dir/build.make:66: CMakeFiles/cmTC_ead28.dir/CheckSymbolExists.c.o] Error 1
make[1]: Leaving directory '/home/george/Documents/Crimson/CMakeFiles/CMakeTmp'
make: *** [Makefile:121: cmTC_ead28/fast] Error 2


File /home/george/Documents/Crimson/CMakeFiles/CMakeTmp/CheckSymbolExists.c:
/* */
#include <dlfcn.h>
#include <stdint.h>
#include <stddef.h>
#include <inttypes.h>
#include <stdlib.h>
#include <stdio.h>
#include <strings.h>
#include <wchar.h>
#include <string.h>
#include <float.h>

int main(int argc, char** argv)
{
  (void)argv;
#ifndef fopen64
  return ((int*)(&fopen64))[argc];
#else
  (void)argc;
  return 0;
#endif
}
Determining if the fseeko64 exist failed with the following output:
Change Dir: /home/george/Documents/Crimson/CMakeFiles/CMakeTmp

Run Build Command(s):/usr/bin/make cmTC_79d9e/fast && /usr/bin/make -f CMakeFiles/cmTC_79d9e.dir/build.make CMakeFiles/cmTC_79d9e.dir/build
make[1]: Entering directory '/home/george/Documents/Crimson/CMakeFiles/CMakeTmp'
Building C object CMakeFiles/cmTC_79d9e.dir/CheckSymbolExists.c.o
/usr/bin/cc   -g -O3 -idirafter /home/george/Documents/Crimson/Extern/SDL/src/video/khronos    -o CMakeFiles/cmTC_79d9e.dir/CheckSymbolExists.c.o   -c /home/george/Documents/Crimson/CMakeFiles/CMakeTmp/CheckSymbolExists.c
/home/george/Documents/Crimson/CMakeFiles/CMakeTmp/CheckSymbolExists.c: In function ‘main’:
/home/george/Documents/Crimson/CMakeFiles/CMakeTmp/CheckSymbolExists.c:17:19: error: ‘fseeko64’ undeclared (first use in this function); did you mean ‘fseeko’?
   17 |   return ((int*)(&fseeko64))[argc];
      |                   ^~~~~~~~
      |                   fseeko
/home/george/Documents/Crimson/CMakeFiles/CMakeTmp/CheckSymbolExists.c:17:19: note: each undeclared identifier is reported only once for each function it appears in
make[1]: *** [CMakeFiles/cmTC_79d9e.dir/build.make:66: CMakeFiles/cmTC_79d9e.dir/CheckSymbolExists.c.o] Error 1
make[1]: Leaving directory '/home/george/Documents/Crimson/CMakeFiles/CMakeTmp'
make: *** [Makefile:121: cmTC_79d9e/fast] Error 2


File /home/george/Documents/Crimson/CMakeFiles/CMakeTmp/CheckSymbolExists.c:
/* */
#include <dlfcn.h>
#include <stdint.h>
#include <stddef.h>
#include <inttypes.h>
#include <stdlib.h>
#include <stdio.h>
#include <strings.h>
#include <wchar.h>
#include <string.h>
#include <float.h>

int main(int argc, char** argv)
{
  (void)argv;
#ifndef fseeko64
  return ((int*)(&fseeko64))[argc];
#else
  (void)argc;
  return 0;
#endif
}
Determining if the sysctlbyname exist failed with the following output:
Change Dir: /home/george/Documents/Crimson/CMakeFiles/CMakeTmp

Run Build Command(s):/usr/bin/make cmTC_a8ce1/fast && /usr/bin/make -f CMakeFiles/cmTC_a8ce1.dir/build.make CMakeFiles/cmTC_a8ce1.dir/build
make[1]: Entering directory '/home/george/Documents/Crimson/CMakeFiles/CMakeTmp'
Building C object CMakeFiles/cmTC_a8ce1.dir/CheckSymbolExists.c.o
/usr/bin/cc   -g -O3 -idirafter /home/george/Documents/Crimson/Extern/SDL/src/video/khronos    -o CMakeFiles/cmTC_a8ce1.dir/CheckSymbolExists.c.o   -c /home/george/Documents/Crimson/CMakeFiles/CMakeTmp/CheckSymbolExists.c
In file included from /home/george/Documents/Crimson/CMakeFiles/CMakeTmp/CheckSymbolExists.c:3:
/usr/include/x86_64-linux-gnu/sys/sysctl.h:21:2: warning: #warning "The <sys/sysctl.h> header is deprecated and will be removed." [-Wcpp]
   21 | #warning "The <sys/sysctl.h> header is deprecated and will be removed."
      |  ^~~~~~~
/home/george/Documents/Crimson/CMakeFiles/CMakeTmp/CheckSymbolExists.c: In function ‘main’:
/home/george/Documents/Crimson/CMakeFiles/CMakeTmp/CheckSymbolExists.c:9:19: error: ‘sysctlbyname’ undeclared (first use in this function)
    9 |   return ((int*)(&sysctlbyname))[argc];
      |                   ^~~~~~~~~~~~
/home/george/Documents/Crimson/CMakeFiles/CMakeTmp/CheckSymbolExists.c:9:19: note: each undeclared identifier is reported only once for each function it appears in
make[1]: *** [CMakeFiles/cmTC_a8ce1.dir/build.make:66: CMakeFiles/cmTC_a8ce1.dir/CheckSymbolExists.c.o] Error 1
make[1]: Leaving directory '/home/george/Documents/Crimson/CMakeFiles/CMakeTmp'
make: *** [Makefile:121: cmTC_a8ce1/fast] Error 2


File /home/george/Documents/Crimson/CMakeFiles/CMakeTmp/CheckSymbolExists.c:
/* */
#include <sys/types.h>
#include <sys/sysctl.h>

int main(int argc, char** argv)
{
  (void)argv;
#ifndef sysctlbyname
  return ((int*)(&sysctlbyname))[argc];
#else
  (void)argc;
  return 0;
#endif
}
Determining if the function iconv_open exists in the iconv failed with the following output:
Change Dir: /home/george/Documents/Crimson/CMakeFiles/CMakeTmp

Run Build Command(s):/usr/bin/make cmTC_4977b/fast && /usr/bin/make -f CMakeFiles/cmTC_4977b.dir/build.make CMakeFiles/cmTC_4977b.dir/build
make[1]: Entering directory '/home/george/Documents/Crimson/CMakeFiles/CMakeTmp'
Building C object CMakeFiles/cmTC_4977b.dir/CheckFunctionExists.c.o
/usr/bin/cc   -g -O3 -idirafter /home/george/Documents/Crimson/Extern/SDL/src/video/khronos -DCHECK_FUNCTION_EXISTS=iconv_open   -o CMakeFiles/cmTC_4977b.dir/CheckFunctionExists.c.o   -c /usr/share/cmake-3.16/Modules/CheckFunctionExists.c
Linking C executable cmTC_4977b
/usr/bin/cmake -E cmake_link_script CMakeFiles/cmTC_4977b.dir/link.txt --verbose=1
/usr/bin/cc -g -O3 -idirafter /home/george/Documents/Crimson/Extern/SDL/src/video/khronos -DCHECK_FUNCTION_EXISTS=iconv_open    -rdynamic CMakeFiles/cmTC_4977b.dir/CheckFunctionExists.c.o  -o cmTC_4977b  -liconv 
/usr/bin/ld: cannot find -liconv
collect2: error: ld returned 1 exit status
make[1]: *** [CMakeFiles/cmTC_4977b.dir/build.make:87: cmTC_4977b] Error 1
make[1]: Leaving directory '/home/george/Documents/Crimson/CMakeFiles/CMakeTmp'
make: *** [Makefile:121: cmTC_4977b/fast] Error 2



Determining if the dlopen exist failed with the following output:
Change Dir: /home/george/Documents/Crimson/CMakeFiles/CMakeTmp

Run Build Command(s):/usr/bin/make cmTC_12d7b/fast && /usr/bin/make -f CMakeFiles/cmTC_12d7b.dir/build.make CMakeFiles/cmTC_12d7b.dir/build
make[1]: Entering directory '/home/george/Documents/Crimson/CMakeFiles/CMakeTmp'
Building C object CMakeFiles/cmTC_12d7b.dir/CheckSymbolExists.c.o
/usr/bin/cc   -g -O3 -idirafter /home/george/Documents/Crimson/Extern/SDL/src/video/khronos    -o CMakeFiles/cmTC_12d7b.dir/CheckSymbolExists.c.o   -c /home/george/Documents/Crimson/CMakeFiles/CMakeTmp/CheckSymbolExists.c
Linking C executable cmTC_12d7b
/usr/bin/cmake -E cmake_link_script CMakeFiles/cmTC_12d7b.dir/link.txt --verbose=1
/usr/bin/cc -g -O3 -idirafter /home/george/Documents/Crimson/Extern/SDL/src/video/khronos     -rdynamic CMakeFiles/cmTC_12d7b.dir/CheckSymbolExists.c.o  -o cmTC_12d7b 
/usr/bin/ld: CMakeFiles/cmTC_12d7b.dir/CheckSymbolExists.c.o: in function `main':
/home/george/Documents/Crimson/CMakeFiles/CMakeTmp/CheckSymbolExists.c:8: undefined reference to `dlopen'
collect2: error: ld returned 1 exit status
make[1]: *** [CMakeFiles/cmTC_12d7b.dir/build.make:87: cmTC_12d7b] Error 1
make[1]: Leaving directory '/home/george/Documents/Crimson/CMakeFiles/CMakeTmp'
make: *** [Makefile:121: cmTC_12d7b/fast] Error 2


File /home/george/Documents/Crimson/CMakeFiles/CMakeTmp/CheckSymbolExists.c:
/* */
#include <dlfcn.h>

int main(int argc, char** argv)
{
  (void)argv;
#ifndef dlopen
  return ((int*)(&dlopen))[argc];
#else
  (void)argc;
  return 0;
#endif
}
Determining if the include file audio/audiolib.h exists failed with the following output:
Change Dir: /home/george/Documents/Crimson/CMakeFiles/CMakeTmp

Run Build Command(s):/usr/bin/make cmTC_05487/fast && /usr/bin/make -f CMakeFiles/cmTC_05487.dir/build.make CMakeFiles/cmTC_05487.dir/build
make[1]: Entering directory '/home/george/Documents/Crimson/CMakeFiles/CMakeTmp'
Building C object CMakeFiles/cmTC_05487.dir/CheckIncludeFile.c.o
/usr/bin/cc   -g -O3 -idirafter /home/george/Documents/Crimson/Extern/SDL/src/video/khronos    -o CMakeFiles/cmTC_05487.dir/CheckIncludeFile.c.o   -c /home/george/Documents/Crimson/CMakeFiles/CMakeTmp/CheckIncludeFile.c
/home/george/Documents/Crimson/CMakeFiles/CMakeTmp/CheckIncludeFile.c:1:10: fatal error: audio/audiolib.h: No such file or directory
    1 | #include <audio/audiolib.h>
      |          ^~~~~~~~~~~~~~~~~~
compilation terminated.
make[1]: *** [CMakeFiles/cmTC_05487.dir/build.make:66: CMakeFiles/cmTC_05487.dir/CheckIncludeFile.c.o] Error 1
make[1]: Leaving directory '/home/george/Documents/Crimson/CMakeFiles/CMakeTmp'
make: *** [Makefile:121: cmTC_05487/fast] Error 2



Determining if the include file samplerate.h exists failed with the following output:
Change Dir: /home/george/Documents/Crimson/CMakeFiles/CMakeTmp

Run Build Command(s):/usr/bin/make cmTC_01555/fast && /usr/bin/make -f CMakeFiles/cmTC_01555.dir/build.make CMakeFiles/cmTC_01555.dir/build
make[1]: Entering directory '/home/george/Documents/Crimson/CMakeFiles/CMakeTmp'
Building C object CMakeFiles/cmTC_01555.dir/CheckIncludeFile.c.o
/usr/bin/cc   -g -O3 -idirafter /home/george/Documents/Crimson/Extern/SDL/src/video/khronos    -o CMakeFiles/cmTC_01555.dir/CheckIncludeFile.c.o   -c /home/george/Documents/Crimson/CMakeFiles/CMakeTmp/CheckIncludeFile.c
/home/george/Documents/Crimson/CMakeFiles/CMakeTmp/CheckIncludeFile.c:1:10: fatal error: samplerate.h: No such file or directory
    1 | #include <samplerate.h>
      |          ^~~~~~~~~~~~~~
compilation terminated.
make[1]: *** [CMakeFiles/cmTC_01555.dir/build.make:66: CMakeFiles/cmTC_01555.dir/CheckIncludeFile.c.o] Error 1
make[1]: Leaving directory '/home/george/Documents/Crimson/CMakeFiles/CMakeTmp'
make: *** [Makefile:121: cmTC_01555/fast] Error 2



Performing C SOURCE FILE Test HAVE_VIDEO_RPI failed with the following output:
Change Dir: /home/george/Documents/Crimson/CMakeFiles/CMakeTmp

Run Build Command(s):/usr/bin/make cmTC_f2209/fast && /usr/bin/make -f CMakeFiles/cmTC_f2209.dir/build.make CMakeFiles/cmTC_f2209.dir/build
make[1]: Entering directory '/home/george/Documents/Crimson/CMakeFiles/CMakeTmp'
Building C object CMakeFiles/cmTC_f2209.dir/src.c.o
/usr/bin/cc   -g -O3 -idirafter /home/george/Documents/Crimson/Extern/SDL/src/video/khronos -DHAVE_VIDEO_RPI  -I/opt/vc/include/interface/vmcs_host/linux/ -I/opt/vc/include/interface/vcos/pthreads -I/opt/vc/include  -L/opt/vc/lib   -o CMakeFiles/cmTC_f2209.dir/src.c.o   -c /home/george/Documents/Crimson/CMakeFiles/CMakeTmp/src.c
/home/george/Documents/Crimson/CMakeFiles/CMakeTmp/src.c:2:18: fatal error: bcm_host.h: No such file or directory
    2 |         #include <bcm_host.h>
      |                  ^~~~~~~~~~~~
compilation terminated.
make[1]: *** [CMakeFiles/cmTC_f2209.dir/build.make:66: CMakeFiles/cmTC_f2209.dir/src.c.o] Error 1
make[1]: Leaving directory '/home/george/Documents/Crimson/CMakeFiles/CMakeTmp'
make: *** [Makefile:121: cmTC_f2209/fast] Error 2


Source file was:

        #include <bcm_host.h>
        int main(int argc, char **argv) {}
Performing C SOURCE FILE Test HAVE_VIDEO_VIVANTE_VDK failed with the following output:
Change Dir: /home/george/Documents/Crimson/CMakeFiles/CMakeTmp

Run Build Command(s):/usr/bin/make cmTC_f855a/fast && /usr/bin/make -f CMakeFiles/cmTC_f855a.dir/build.make CMakeFiles/cmTC_f855a.dir/build
make[1]: Entering directory '/home/george/Documents/Crimson/CMakeFiles/CMakeTmp'
Building C object CMakeFiles/cmTC_f855a.dir/src.c.o
/usr/bin/cc   -g -O3 -idirafter /home/george/Documents/Crimson/Extern/SDL/src/video/khronos -DHAVE_VIDEO_VIVANTE_VDK   -o CMakeFiles/cmTC_f855a.dir/src.c.o   -c /home/george/Documents/Crimson/CMakeFiles/CMakeTmp/src.c
/home/george/Documents/Crimson/CMakeFiles/CMakeTmp/src.c:2:18: fatal error: gc_vdk.h: No such file or directory
    2 |         #include <gc_vdk.h>
      |                  ^~~~~~~~~~
compilation terminated.
make[1]: *** [CMakeFiles/cmTC_f855a.dir/build.make:66: CMakeFiles/cmTC_f855a.dir/src.c.o] Error 1
make[1]: Leaving directory '/home/george/Documents/Crimson/CMakeFiles/CMakeTmp'
make: *** [Makefile:121: cmTC_f855a/fast] Error 2


Source file was:

        #include <gc_vdk.h>
        int main(int argc, char** argv) {}
Performing C SOURCE FILE Test HAVE_VIDEO_VIVANTE_EGL_FB failed with the following output:
Change Dir: /home/george/Documents/Crimson/CMakeFiles/CMakeTmp

Run Build Command(s):/usr/bin/make cmTC_1c135/fast && /usr/bin/make -f CMakeFiles/cmTC_1c135.dir/build.make CMakeFiles/cmTC_1c135.dir/build
make[1]: Entering directory '/home/george/Documents/Crimson/CMakeFiles/CMakeTmp'
Building C object CMakeFiles/cmTC_1c135.dir/src.c.o
/usr/bin/cc   -g -O3 -idirafter /home/george/Documents/Crimson/Extern/SDL/src/video/khronos -DHAVE_VIDEO_VIVANTE_EGL_FB   -o CMakeFiles/cmTC_1c135.dir/src.c.o   -c /home/george/Documents/Crimson/CMakeFiles/CMakeTmp/src.c
/home/george/Documents/Crimson/CMakeFiles/CMakeTmp/src.c:4:18: fatal error: EGL/eglvivante.h: No such file or directory
    4 |         #include <EGL/eglvivante.h>
      |                  ^~~~~~~~~~~~~~~~~~
compilation terminated.
make[1]: *** [CMakeFiles/cmTC_1c135.dir/build.make:66: CMakeFiles/cmTC_1c135.dir/src.c.o] Error 1
make[1]: Leaving directory '/home/george/Documents/Crimson/CMakeFiles/CMakeTmp'
make: *** [Makefile:121: cmTC_1c135/fast] Error 2


Source file was:

        #define LINUX
        #define EGL_API_FB
        #include <EGL/eglvivante.h>
        int main(int argc, char** argv) {}
Performing C SOURCE FILE Test HAVE_INPUT_TSLIB failed with the following output:
Change Dir: /home/george/Documents/Crimson/CMakeFiles/CMakeTmp

Run Build Command(s):/usr/bin/make cmTC_ad435/fast && /usr/bin/make -f CMakeFiles/cmTC_ad435.dir/build.make CMakeFiles/cmTC_ad435.dir/build
make[1]: Entering directory '/home/george/Documents/Crimson/CMakeFiles/CMakeTmp'
Building C object CMakeFiles/cmTC_ad435.dir/src.c.o
/usr/bin/cc   -g -O3 -idirafter /home/george/Documents/Crimson/Extern/SDL/src/video/khronos -DHAVE_INPUT_TSLIB   -o CMakeFiles/cmTC_ad435.dir/src.c.o   -c /home/george/Documents/Crimson/CMakeFiles/CMakeTmp/src.c
/home/george/Documents/Crimson/CMakeFiles/CMakeTmp/src.c:2:18: fatal error: tslib.h: No such file or directory
    2 |         #include "tslib.h"
      |                  ^~~~~~~~~
compilation terminated.
make[1]: *** [CMakeFiles/cmTC_ad435.dir/build.make:66: CMakeFiles/cmTC_ad435.dir/src.c.o] Error 1
make[1]: Leaving directory '/home/george/Documents/Crimson/CMakeFiles/CMakeTmp'
make: *** [Makefile:121: cmTC_ad435/fast] Error 2


Source file was:

        #include "tslib.h"
        int main(int argc, char** argv) { }
Determining if files pthread_np.h exist failed with the following output:
Change Dir: /home/george/Documents/Crimson/CMakeFiles/CMakeTmp

Run Build Command(s):/usr/bin/make cmTC_e529f/fast && /usr/bin/make -f CMakeFiles/cmTC_e529f.dir/build.make CMakeFiles/cmTC_e529f.dir/build
make[1]: Entering directory '/home/george/Documents/Crimson/CMakeFiles/CMakeTmp'
Building C object CMakeFiles/cmTC_e529f.dir/HAVE_PTHREAD_NP_H.c.o
/usr/bin/cc   -g -O3 -idirafter /home/george/Documents/Crimson/Extern/SDL/src/video/khronos   -D_REENTRANT -pthread   -o CMakeFiles/cmTC_e529f.dir/HAVE_PTHREAD_NP_H.c.o   -c /home/george/Documents/Crimson/CMakeFiles/CheckIncludeFiles/HAVE_PTHREAD_NP_H.c
/home/george/Documents/Crimson/CMakeFiles/CheckIncludeFiles/HAVE_PTHREAD_NP_H.c:2:10: fatal error: pthread_np.h: No such file or directory
    2 | #include <pthread_np.h>
      |          ^~~~~~~~~~~~~~
compilation terminated.
make[1]: *** [CMakeFiles/cmTC_e529f.dir/build.make:66: CMakeFiles/cmTC_e529f.dir/HAVE_PTHREAD_NP_H.c.o] Error 1
make[1]: Leaving directory '/home/george/Documents/Crimson/CMakeFiles/CMakeTmp'
make: *** [Makefile:121: cmTC_e529f/fast] Error 2


Source:
/* */
#include <pthread_np.h>


int main(void){return 0;}

Determining if the pthread_setname_np exist failed with the following output:
Change Dir: /home/george/Documents/Crimson/CMakeFiles/CMakeTmp

Run Build Command(s):/usr/bin/make cmTC_3003d/fast && /usr/bin/make -f CMakeFiles/cmTC_3003d.dir/build.make CMakeFiles/cmTC_3003d.dir/build
make[1]: Entering directory '/home/george/Documents/Crimson/CMakeFiles/CMakeTmp'
Building C object CMakeFiles/cmTC_3003d.dir/CheckSymbolExists.c.o
/usr/bin/cc   -g -O3 -idirafter /home/george/Documents/Crimson/Extern/SDL/src/video/khronos   -D_REENTRANT -pthread   -o CMakeFiles/cmTC_3003d.dir/CheckSymbolExists.c.o   -c /home/george/Documents/Crimson/CMakeFiles/CMakeTmp/CheckSymbolExists.c
/home/george/Documents/Crimson/CMakeFiles/CMakeTmp/CheckSymbolExists.c: In function ‘main’:
/home/george/Documents/Crimson/CMakeFiles/CMakeTmp/CheckSymbolExists.c:8:19: error: ‘pthread_setname_np’ undeclared (first use in this function); did you mean ‘pthread_setcanceltype’?
    8 |   return ((int*)(&pthread_setname_np))[argc];
      |                   ^~~~~~~~~~~~~~~~~~
      |                   pthread_setcanceltype
/home/george/Documents/Crimson/CMakeFiles/CMakeTmp/CheckSymbolExists.c:8:19: note: each undeclared identifier is reported only once for each function it appears in
make[1]: *** [CMakeFiles/cmTC_3003d.dir/build.make:66: CMakeFiles/cmTC_3003d.dir/CheckSymbolExists.c.o] Error 1
make[1]: Leaving directory '/home/george/Documents/Crimson/CMakeFiles/CMakeTmp'
make: *** [Makefile:121: cmTC_3003d/fast] Error 2


File /home/george/Documents/Crimson/CMakeFiles/CMakeTmp/CheckSymbolExists.c:
/* */
#include <pthread.h>

int main(int argc, char** argv)
{
  (void)argv;
#ifndef pthread_setname_np
  return ((int*)(&pthread_setname_np))[argc];
#else
  (void)argc;
  return 0;
#endif
}
